<?xml version="1.0" encoding="UTF-8"?>
<testsuite xmlns:xsi="http://www.w3.org/2001/XMLSchema-instance" xsi:noNamespaceSchemaLocation="https://maven.apache.org/surefire/maven-surefire-plugin/xsd/surefire-test-report-3.0.xsd" version="3.0" name="TestSuite" time="30.71" tests="16" errors="0" skipped="0" failures="0">
  <properties>
    <property name="java.specification.version" value="23"/>
    <property name="sun.cpu.isalist" value="amd64"/>
    <property name="sun.jnu.encoding" value="Cp1252"/>
    <property name="java.class.path" value="C:\Users\DELL\git\RestAssuredAutomationFramework\target\test-classes;C:\Users\DELL\git\RestAssuredAutomationFramework\target\classes;C:\Users\DELL\.m2\repository\io\rest-assured\rest-assured\5.3.0\rest-assured-5.3.0.jar;C:\Users\DELL\.m2\repository\org\apache\groovy\groovy\4.0.6\groovy-4.0.6.jar;C:\Users\DELL\.m2\repository\org\apache\groovy\groovy-xml\4.0.6\groovy-xml-4.0.6.jar;C:\Users\DELL\.m2\repository\org\apache\httpcomponents\httpclient\4.5.13\httpclient-4.5.13.jar;C:\Users\DELL\.m2\repository\org\apache\httpcomponents\httpcore\4.4.13\httpcore-4.4.13.jar;C:\Users\DELL\.m2\repository\commons-logging\commons-logging\1.2\commons-logging-1.2.jar;C:\Users\DELL\.m2\repository\org\apache\httpcomponents\httpmime\4.5.13\httpmime-4.5.13.jar;C:\Users\DELL\.m2\repository\org\hamcrest\hamcrest\2.1\hamcrest-2.1.jar;C:\Users\DELL\.m2\repository\org\ccil\cowan\tagsoup\tagsoup\1.2.1\tagsoup-1.2.1.jar;C:\Users\DELL\.m2\repository\io\rest-assured\json-path\5.3.0\json-path-5.3.0.jar;C:\Users\DELL\.m2\repository\org\apache\groovy\groovy-json\4.0.6\groovy-json-4.0.6.jar;C:\Users\DELL\.m2\repository\io\rest-assured\rest-assured-common\5.3.0\rest-assured-common-5.3.0.jar;C:\Users\DELL\.m2\repository\io\rest-assured\xml-path\5.3.0\xml-path-5.3.0.jar;C:\Users\DELL\.m2\repository\org\testng\testng\7.7.1\testng-7.7.1.jar;C:\Users\DELL\.m2\repository\org\slf4j\slf4j-api\1.7.36\slf4j-api-1.7.36.jar;C:\Users\DELL\.m2\repository\com\beust\jcommander\1.82\jcommander-1.82.jar;C:\Users\DELL\.m2\repository\org\webjars\jquery\3.6.1\jquery-3.6.1.jar;C:\Users\DELL\.m2\repository\com\github\scribejava\scribejava-apis\8.3.1\scribejava-apis-8.3.1.jar;C:\Users\DELL\.m2\repository\com\github\scribejava\scribejava-core\8.3.1\scribejava-core-8.3.1.jar;C:\Users\DELL\.m2\repository\com\github\scribejava\scribejava-java8\8.3.1\scribejava-java8-8.3.1.jar;C:\Users\DELL\.m2\repository\com\fasterxml\jackson\core\jackson-databind\2.12.3\jackson-databind-2.12.3.jar;C:\Users\DELL\.m2\repository\com\fasterxml\jackson\core\jackson-annotations\2.12.3\jackson-annotations-2.12.3.jar;C:\Users\DELL\.m2\repository\com\fasterxml\jackson\core\jackson-core\2.12.3\jackson-core-2.12.3.jar;C:\Users\DELL\.m2\repository\com\github\fge\json-schema-validator\2.2.6\json-schema-validator-2.2.6.jar;C:\Users\DELL\.m2\repository\com\google\code\findbugs\jsr305\3.0.0\jsr305-3.0.0.jar;C:\Users\DELL\.m2\repository\joda-time\joda-time\2.3\joda-time-2.3.jar;C:\Users\DELL\.m2\repository\com\googlecode\libphonenumber\libphonenumber\6.2\libphonenumber-6.2.jar;C:\Users\DELL\.m2\repository\com\github\fge\json-schema-core\1.2.5\json-schema-core-1.2.5.jar;C:\Users\DELL\.m2\repository\com\github\fge\uri-template\0.9\uri-template-0.9.jar;C:\Users\DELL\.m2\repository\com\github\fge\msg-simple\1.1\msg-simple-1.1.jar;C:\Users\DELL\.m2\repository\com\github\fge\btf\1.2\btf-1.2.jar;C:\Users\DELL\.m2\repository\com\google\guava\guava\16.0.1\guava-16.0.1.jar;C:\Users\DELL\.m2\repository\com\github\fge\jackson-coreutils\1.8\jackson-coreutils-1.8.jar;C:\Users\DELL\.m2\repository\org\mozilla\rhino\1.7R4\rhino-1.7R4.jar;C:\Users\DELL\.m2\repository\javax\mail\mailapi\1.4.3\mailapi-1.4.3.jar;C:\Users\DELL\.m2\repository\javax\activation\activation\1.1\activation-1.1.jar;C:\Users\DELL\.m2\repository\net\sf\jopt-simple\jopt-simple\4.6\jopt-simple-4.6.jar;C:\Users\DELL\.m2\repository\com\aventstack\extentreports\5.0.9\extentreports-5.0.9.jar;C:\Users\DELL\.m2\repository\io\reactivex\rxjava3\rxjava\3.0.4\rxjava-3.0.4.jar;C:\Users\DELL\.m2\repository\org\reactivestreams\reactive-streams\1.0.3\reactive-streams-1.0.3.jar;C:\Users\DELL\.m2\repository\org\freemarker\freemarker\2.3.30\freemarker-2.3.30.jar;C:\Users\DELL\.m2\repository\org\projectlombok\lombok\1.18.12\lombok-1.18.12.jar;C:\Users\DELL\.m2\repository\com\google\code\gson\gson\2.8.6\gson-2.8.6.jar;C:\Users\DELL\.m2\repository\org\apache\poi\poi\5.3.0\poi-5.3.0.jar;C:\Users\DELL\.m2\repository\commons-codec\commons-codec\1.17.0\commons-codec-1.17.0.jar;C:\Users\DELL\.m2\repository\org\apache\commons\commons-collections4\4.4\commons-collections4-4.4.jar;C:\Users\DELL\.m2\repository\org\apache\commons\commons-math3\3.6.1\commons-math3-3.6.1.jar;C:\Users\DELL\.m2\repository\commons-io\commons-io\2.16.1\commons-io-2.16.1.jar;C:\Users\DELL\.m2\repository\com\zaxxer\SparseBitSet\1.3\SparseBitSet-1.3.jar;C:\Users\DELL\.m2\repository\org\apache\poi\poi-ooxml\5.3.0\poi-ooxml-5.3.0.jar;C:\Users\DELL\.m2\repository\org\apache\poi\poi-ooxml-lite\5.3.0\poi-ooxml-lite-5.3.0.jar;C:\Users\DELL\.m2\repository\org\apache\xmlbeans\xmlbeans\5.2.1\xmlbeans-5.2.1.jar;C:\Users\DELL\.m2\repository\org\apache\commons\commons-compress\1.26.2\commons-compress-1.26.2.jar;C:\Users\DELL\.m2\repository\com\github\virtuald\curvesapi\1.08\curvesapi-1.08.jar;C:\Users\DELL\.m2\repository\com\github\javafaker\javafaker\1.0.2\javafaker-1.0.2.jar;C:\Users\DELL\.m2\repository\org\apache\commons\commons-lang3\3.5\commons-lang3-3.5.jar;C:\Users\DELL\.m2\repository\org\yaml\snakeyaml\1.23\snakeyaml-1.23-android.jar;C:\Users\DELL\.m2\repository\com\github\mifmif\generex\1.0.2\generex-1.0.2.jar;C:\Users\DELL\.m2\repository\dk\brics\automaton\automaton\1.11-8\automaton-1.11-8.jar;C:\Users\DELL\.m2\repository\org\apache\logging\log4j\log4j-core\2.17.2\log4j-core-2.17.2.jar;C:\Users\DELL\.m2\repository\org\apache\logging\log4j\log4j-api\2.17.2\log4j-api-2.17.2.jar;"/>
    <property name="java.vm.vendor" value="Oracle Corporation"/>
    <property name="sun.arch.data.model" value="64"/>
    <property name="user.variant" value=""/>
    <property name="java.vendor.url" value="https://java.oracle.com/"/>
    <property name="user.timezone" value="Asia/Calcutta"/>
    <property name="os.name" value="Windows 11"/>
    <property name="java.vm.specification.version" value="23"/>
    <property name="sun.java.launcher" value="SUN_STANDARD"/>
    <property name="user.country" value="IN"/>
    <property name="sun.boot.library.path" value="C:\Program Files\Java\jdk-23\bin"/>
    <property name="sun.java.command" value="C:\Users\DELL\AppData\Local\Temp\surefire5216472833079136375\surefirebooter13828088032723418189.jar C:\Users\DELL\AppData\Local\Temp\surefire5216472833079136375 2025-01-29T17-35-19_433-jvmRun1 surefire6190758646206540105tmp surefire_04729547701668765964tmp"/>
    <property name="jdk.debug" value="release"/>
    <property name="surefire.test.class.path" value="C:\Users\DELL\git\RestAssuredAutomationFramework\target\test-classes;C:\Users\DELL\git\RestAssuredAutomationFramework\target\classes;C:\Users\DELL\.m2\repository\io\rest-assured\rest-assured\5.3.0\rest-assured-5.3.0.jar;C:\Users\DELL\.m2\repository\org\apache\groovy\groovy\4.0.6\groovy-4.0.6.jar;C:\Users\DELL\.m2\repository\org\apache\groovy\groovy-xml\4.0.6\groovy-xml-4.0.6.jar;C:\Users\DELL\.m2\repository\org\apache\httpcomponents\httpclient\4.5.13\httpclient-4.5.13.jar;C:\Users\DELL\.m2\repository\org\apache\httpcomponents\httpcore\4.4.13\httpcore-4.4.13.jar;C:\Users\DELL\.m2\repository\commons-logging\commons-logging\1.2\commons-logging-1.2.jar;C:\Users\DELL\.m2\repository\org\apache\httpcomponents\httpmime\4.5.13\httpmime-4.5.13.jar;C:\Users\DELL\.m2\repository\org\hamcrest\hamcrest\2.1\hamcrest-2.1.jar;C:\Users\DELL\.m2\repository\org\ccil\cowan\tagsoup\tagsoup\1.2.1\tagsoup-1.2.1.jar;C:\Users\DELL\.m2\repository\io\rest-assured\json-path\5.3.0\json-path-5.3.0.jar;C:\Users\DELL\.m2\repository\org\apache\groovy\groovy-json\4.0.6\groovy-json-4.0.6.jar;C:\Users\DELL\.m2\repository\io\rest-assured\rest-assured-common\5.3.0\rest-assured-common-5.3.0.jar;C:\Users\DELL\.m2\repository\io\rest-assured\xml-path\5.3.0\xml-path-5.3.0.jar;C:\Users\DELL\.m2\repository\org\testng\testng\7.7.1\testng-7.7.1.jar;C:\Users\DELL\.m2\repository\org\slf4j\slf4j-api\1.7.36\slf4j-api-1.7.36.jar;C:\Users\DELL\.m2\repository\com\beust\jcommander\1.82\jcommander-1.82.jar;C:\Users\DELL\.m2\repository\org\webjars\jquery\3.6.1\jquery-3.6.1.jar;C:\Users\DELL\.m2\repository\com\github\scribejava\scribejava-apis\8.3.1\scribejava-apis-8.3.1.jar;C:\Users\DELL\.m2\repository\com\github\scribejava\scribejava-core\8.3.1\scribejava-core-8.3.1.jar;C:\Users\DELL\.m2\repository\com\github\scribejava\scribejava-java8\8.3.1\scribejava-java8-8.3.1.jar;C:\Users\DELL\.m2\repository\com\fasterxml\jackson\core\jackson-databind\2.12.3\jackson-databind-2.12.3.jar;C:\Users\DELL\.m2\repository\com\fasterxml\jackson\core\jackson-annotations\2.12.3\jackson-annotations-2.12.3.jar;C:\Users\DELL\.m2\repository\com\fasterxml\jackson\core\jackson-core\2.12.3\jackson-core-2.12.3.jar;C:\Users\DELL\.m2\repository\com\github\fge\json-schema-validator\2.2.6\json-schema-validator-2.2.6.jar;C:\Users\DELL\.m2\repository\com\google\code\findbugs\jsr305\3.0.0\jsr305-3.0.0.jar;C:\Users\DELL\.m2\repository\joda-time\joda-time\2.3\joda-time-2.3.jar;C:\Users\DELL\.m2\repository\com\googlecode\libphonenumber\libphonenumber\6.2\libphonenumber-6.2.jar;C:\Users\DELL\.m2\repository\com\github\fge\json-schema-core\1.2.5\json-schema-core-1.2.5.jar;C:\Users\DELL\.m2\repository\com\github\fge\uri-template\0.9\uri-template-0.9.jar;C:\Users\DELL\.m2\repository\com\github\fge\msg-simple\1.1\msg-simple-1.1.jar;C:\Users\DELL\.m2\repository\com\github\fge\btf\1.2\btf-1.2.jar;C:\Users\DELL\.m2\repository\com\google\guava\guava\16.0.1\guava-16.0.1.jar;C:\Users\DELL\.m2\repository\com\github\fge\jackson-coreutils\1.8\jackson-coreutils-1.8.jar;C:\Users\DELL\.m2\repository\org\mozilla\rhino\1.7R4\rhino-1.7R4.jar;C:\Users\DELL\.m2\repository\javax\mail\mailapi\1.4.3\mailapi-1.4.3.jar;C:\Users\DELL\.m2\repository\javax\activation\activation\1.1\activation-1.1.jar;C:\Users\DELL\.m2\repository\net\sf\jopt-simple\jopt-simple\4.6\jopt-simple-4.6.jar;C:\Users\DELL\.m2\repository\com\aventstack\extentreports\5.0.9\extentreports-5.0.9.jar;C:\Users\DELL\.m2\repository\io\reactivex\rxjava3\rxjava\3.0.4\rxjava-3.0.4.jar;C:\Users\DELL\.m2\repository\org\reactivestreams\reactive-streams\1.0.3\reactive-streams-1.0.3.jar;C:\Users\DELL\.m2\repository\org\freemarker\freemarker\2.3.30\freemarker-2.3.30.jar;C:\Users\DELL\.m2\repository\org\projectlombok\lombok\1.18.12\lombok-1.18.12.jar;C:\Users\DELL\.m2\repository\com\google\code\gson\gson\2.8.6\gson-2.8.6.jar;C:\Users\DELL\.m2\repository\org\apache\poi\poi\5.3.0\poi-5.3.0.jar;C:\Users\DELL\.m2\repository\commons-codec\commons-codec\1.17.0\commons-codec-1.17.0.jar;C:\Users\DELL\.m2\repository\org\apache\commons\commons-collections4\4.4\commons-collections4-4.4.jar;C:\Users\DELL\.m2\repository\org\apache\commons\commons-math3\3.6.1\commons-math3-3.6.1.jar;C:\Users\DELL\.m2\repository\commons-io\commons-io\2.16.1\commons-io-2.16.1.jar;C:\Users\DELL\.m2\repository\com\zaxxer\SparseBitSet\1.3\SparseBitSet-1.3.jar;C:\Users\DELL\.m2\repository\org\apache\poi\poi-ooxml\5.3.0\poi-ooxml-5.3.0.jar;C:\Users\DELL\.m2\repository\org\apache\poi\poi-ooxml-lite\5.3.0\poi-ooxml-lite-5.3.0.jar;C:\Users\DELL\.m2\repository\org\apache\xmlbeans\xmlbeans\5.2.1\xmlbeans-5.2.1.jar;C:\Users\DELL\.m2\repository\org\apache\commons\commons-compress\1.26.2\commons-compress-1.26.2.jar;C:\Users\DELL\.m2\repository\com\github\virtuald\curvesapi\1.08\curvesapi-1.08.jar;C:\Users\DELL\.m2\repository\com\github\javafaker\javafaker\1.0.2\javafaker-1.0.2.jar;C:\Users\DELL\.m2\repository\org\apache\commons\commons-lang3\3.5\commons-lang3-3.5.jar;C:\Users\DELL\.m2\repository\org\yaml\snakeyaml\1.23\snakeyaml-1.23-android.jar;C:\Users\DELL\.m2\repository\com\github\mifmif\generex\1.0.2\generex-1.0.2.jar;C:\Users\DELL\.m2\repository\dk\brics\automaton\automaton\1.11-8\automaton-1.11-8.jar;C:\Users\DELL\.m2\repository\org\apache\logging\log4j\log4j-core\2.17.2\log4j-core-2.17.2.jar;C:\Users\DELL\.m2\repository\org\apache\logging\log4j\log4j-api\2.17.2\log4j-api-2.17.2.jar;"/>
    <property name="sun.cpu.endian" value="little"/>
    <property name="user.home" value="C:\Users\DELL"/>
    <property name="user.language" value="en"/>
    <property name="java.specification.vendor" value="Oracle Corporation"/>
    <property name="java.version.date" value="2024-10-15"/>
    <property name="java.home" value="C:\Program Files\Java\jdk-23"/>
    <property name="file.separator" value="\"/>
    <property name="basedir" value="C:\Users\DELL\git\RestAssuredAutomationFramework"/>
    <property name="java.vm.compressedOopsMode" value="32-bit"/>
    <property name="line.separator" value="&#10;"/>
    <property name="java.vm.specification.vendor" value="Oracle Corporation"/>
    <property name="java.specification.name" value="Java Platform API Specification"/>
    <property name="surefire.real.class.path" value="C:\Users\DELL\AppData\Local\Temp\surefire5216472833079136375\surefirebooter13828088032723418189.jar"/>
    <property name="user.script" value=""/>
    <property name="sun.management.compiler" value="HotSpot 64-Bit Tiered Compilers"/>
    <property name="java.runtime.version" value="23.0.1+11-39"/>
    <property name="user.name" value="DELL"/>
    <property name="stdout.encoding" value="Cp1252"/>
    <property name="path.separator" value=";"/>
    <property name="os.version" value="10.0"/>
    <property name="java.runtime.name" value="Java(TM) SE Runtime Environment"/>
    <property name="file.encoding" value="UTF-8"/>
    <property name="java.vm.name" value="Java HotSpot(TM) 64-Bit Server VM"/>
    <property name="localRepository" value="C:\Users\DELL\.m2\repository"/>
    <property name="java.vendor.url.bug" value="https://bugreport.java.com/bugreport/"/>
    <property name="java.io.tmpdir" value="C:\Users\DELL\AppData\Local\Temp\"/>
    <property name="java.version" value="23.0.1"/>
    <property name="user.dir" value="C:\Users\DELL\git\RestAssuredAutomationFramework"/>
    <property name="os.arch" value="amd64"/>
    <property name="java.vm.specification.name" value="Java Virtual Machine Specification"/>
    <property name="sun.os.patch.level" value=""/>
    <property name="native.encoding" value="Cp1252"/>
    <property name="java.library.path" value="C:\Program Files\Java\jdk-23\bin;C:\Windows\Sun\Java\bin;C:\Windows\system32;C:\Windows;C:\Program Files\apache-maven-3.9.9\bin;C:\Program Files\Java\jdk-23\bin;C:\Program Files\OpenLogic\jdk-22.0.2.9-hotspot\bin;C:\Program Files\Git\cmd;C:\Program Files\apache-maven-3.9.9\;%M2_MAVEN%\bin;H:\;C:\Program Files\dotnet\;C:\Program Files\PowerShell\7\;C:\Users\DELL\AppData\Local\Microsoft\WindowsApps;C:\Users\DELL\AppData\Local\Programs\Microsoft VS Code\bin;C:\Users\DELL\AppData\Roaming\npm;C:\Users\DELL\.dotnet\tools;."/>
    <property name="java.vm.info" value="mixed mode, sharing"/>
    <property name="stderr.encoding" value="Cp1252"/>
    <property name="java.vendor" value="Oracle Corporation"/>
    <property name="java.vm.version" value="23.0.1+11-39"/>
    <property name="sun.io.unicode.encoding" value="UnicodeLittle"/>
    <property name="java.class.version" value="67.0"/>
  </properties>
  <testcase name="testCreateUser" classname="api.testcases.UserTest" time="4.36">
    <system-out><![CDATA[On Start method invoked....
Name of test method started:testCreateUser
[INFO ] 2025-01-29 17:35:23.357 [main] RestAssuredAutomationFramework_test - ****************Creating User***********
HTTP/1.1 200 OK
Date: Wed, 29 Jan 2025 12:05:27 GMT
Content-Type: application/json
Transfer-Encoding: chunked
Connection: keep-alive
Access-Control-Allow-Origin: *
Access-Control-Allow-Methods: GET, POST, DELETE, PUT
Access-Control-Allow-Headers: Content-Type, api_key, Authorization
Server: Jetty(9.2.9.v20150224)

{
    "code": 200,
    "type": "unknown",
    "message": "2143582219"
}
[INFO ] 2025-01-29 17:35:27.695 [main] RestAssuredAutomationFramework_test - ******************User Created***************
Name of test method sucessfully executed:testCreateUser
]]></system-out>
    <system-err><![CDATA[SLF4J: Failed to load class "org.slf4j.impl.StaticLoggerBinder".
SLF4J: Defaulting to no-operation (NOP) logger implementation
SLF4J: See http://www.slf4j.org/codes.html#StaticLoggerBinder for further details.
]]></system-err>
  </testcase>
  <testcase name="testGetUserData" classname="api.testcases.UserTest" time="1.39">
    <system-out><![CDATA[Name of test method started:testGetUserData
[INFO ] 2025-01-29 17:35:27.714 [main] RestAssuredAutomationFramework_test - **************Getting userdata********************
Read User Data.
HTTP/1.1 200 OK
Date: Wed, 29 Jan 2025 12:05:28 GMT
Content-Type: application/json
Transfer-Encoding: chunked
Connection: keep-alive
Access-Control-Allow-Origin: *
Access-Control-Allow-Methods: GET, POST, DELETE, PUT
Access-Control-Allow-Headers: Content-Type, api_key, Authorization
Server: Jetty(9.2.9.v20150224)

{
    "id": 2143582219,
    "username": "drema.feest",
    "firstName": "Billy",
    "lastName": "Bogan",
    "email": "jarrett.kihn@example.com",
    "password": "drwmpr9j",
    "phone": "034-232-6459",
    "userStatus": 0
}
[INFO ] 2025-01-29 17:35:29.097 [main] RestAssuredAutomationFramework_test - **************Getting userdata completed********************
Name of test method sucessfully executed:testGetUserData
]]></system-out>
  </testcase>
  <testcase name="testUpdateUser" classname="api.testcases.UserTest" time="2.661">
    <system-out><![CDATA[Name of test method started:testUpdateUser
[INFO ] 2025-01-29 17:35:29.101 [main] RestAssuredAutomationFramework_test - ***********************Updating User****************
HTTP/1.1 200 OK
Date: Wed, 29 Jan 2025 12:05:30 GMT
Content-Type: application/json
Transfer-Encoding: chunked
Connection: keep-alive
Access-Control-Allow-Origin: *
Access-Control-Allow-Methods: GET, POST, DELETE, PUT
Access-Control-Allow-Headers: Content-Type, api_key, Authorization
Server: Jetty(9.2.9.v20150224)

{
    "code": 200,
    "type": "unknown",
    "message": "2143582219"
}
After Update User Data.
HTTP/1.1 200 OK
Date: Wed, 29 Jan 2025 12:05:31 GMT
Content-Type: application/json
Transfer-Encoding: chunked
Connection: keep-alive
Access-Control-Allow-Origin: *
Access-Control-Allow-Methods: GET, POST, DELETE, PUT
Access-Control-Allow-Headers: Content-Type, api_key, Authorization
Server: Jetty(9.2.9.v20150224)

{
    "id": 2143582219,
    "username": "drema.feest",
    "firstName": "Marlena",
    "lastName": "Mayer",
    "email": "haley.ziemann@example.com",
    "password": "drwmpr9j",
    "phone": "034-232-6459",
    "userStatus": 0
}
[INFO ] 2025-01-29 17:35:31.758 [main] RestAssuredAutomationFramework_test - ***********************Updating User completed****************
Name of test method sucessfully executed:testUpdateUser
]]></system-out>
  </testcase>
  <testcase name="testDeleteUser" classname="api.testcases.UserTest" time="1.365">
    <system-out><![CDATA[Name of test method started:testDeleteUser
[INFO ] 2025-01-29 17:35:31.761 [main] RestAssuredAutomationFramework_test - ***********************Deleting user****************
Delete User Data.
HTTP/1.1 200 OK
Date: Wed, 29 Jan 2025 12:05:32 GMT
Content-Type: application/json
Transfer-Encoding: chunked
Connection: keep-alive
Access-Control-Allow-Origin: *
Access-Control-Allow-Methods: GET, POST, DELETE, PUT
Access-Control-Allow-Headers: Content-Type, api_key, Authorization
Server: Jetty(9.2.9.v20150224)

{
    "code": 200,
    "type": "unknown",
    "message": "drema.feest"
}
[INFO ] 2025-01-29 17:35:33.118 [main] RestAssuredAutomationFramework_test - ***********************Deleting User Completed****************
Name of test method sucessfully executed:testDeleteUser
]]></system-out>
  </testcase>
  <testcase name="testCreateUser[2020, user1, Rita, Gupta, a@gmail.com, test@1, 1234567897](1)" classname="api.testcases.UserTestDD" time="1.386">
    <system-out><![CDATA[[DEBUG] 2025-01-29 17:35:33.399 [main] PackageRelationshipCollection - Parsing relationship: /xl/_rels/workbook.xml.rels
[DEBUG] 2025-01-29 17:35:33.403 [main] PackageRelationshipCollection - Parsing relationship: /xl/worksheets/_rels/sheet1.xml.rels
[DEBUG] 2025-01-29 17:35:33.405 [main] PackageRelationshipCollection - Parsing relationship: /_rels/.rels
[DEBUG] 2025-01-29 17:35:34.088 [main] PackageRelationshipCollection - Parsing relationship: /xl/_rels/workbook.xml.rels
[DEBUG] 2025-01-29 17:35:34.090 [main] PackageRelationshipCollection - Parsing relationship: /xl/worksheets/_rels/sheet1.xml.rels
[DEBUG] 2025-01-29 17:35:34.091 [main] PackageRelationshipCollection - Parsing relationship: /_rels/.rels
[DEBUG] 2025-01-29 17:35:34.144 [main] PackageRelationshipCollection - Parsing relationship: /xl/_rels/workbook.xml.rels
[DEBUG] 2025-01-29 17:35:34.147 [main] PackageRelationshipCollection - Parsing relationship: /xl/worksheets/_rels/sheet1.xml.rels
[DEBUG] 2025-01-29 17:35:34.154 [main] PackageRelationshipCollection - Parsing relationship: /_rels/.rels
[DEBUG] 2025-01-29 17:35:34.216 [main] PackageRelationshipCollection - Parsing relationship: /xl/_rels/workbook.xml.rels
[DEBUG] 2025-01-29 17:35:34.218 [main] PackageRelationshipCollection - Parsing relationship: /xl/worksheets/_rels/sheet1.xml.rels
[DEBUG] 2025-01-29 17:35:34.219 [main] PackageRelationshipCollection - Parsing relationship: /_rels/.rels
[DEBUG] 2025-01-29 17:35:34.260 [main] PackageRelationshipCollection - Parsing relationship: /xl/_rels/workbook.xml.rels
[DEBUG] 2025-01-29 17:35:34.263 [main] PackageRelationshipCollection - Parsing relationship: /xl/worksheets/_rels/sheet1.xml.rels
[DEBUG] 2025-01-29 17:35:34.267 [main] PackageRelationshipCollection - Parsing relationship: /_rels/.rels
[DEBUG] 2025-01-29 17:35:34.308 [main] PackageRelationshipCollection - Parsing relationship: /xl/_rels/workbook.xml.rels
[DEBUG] 2025-01-29 17:35:34.311 [main] PackageRelationshipCollection - Parsing relationship: /xl/worksheets/_rels/sheet1.xml.rels
[DEBUG] 2025-01-29 17:35:34.312 [main] PackageRelationshipCollection - Parsing relationship: /_rels/.rels
[DEBUG] 2025-01-29 17:35:34.343 [main] PackageRelationshipCollection - Parsing relationship: /xl/_rels/workbook.xml.rels
[DEBUG] 2025-01-29 17:35:34.344 [main] PackageRelationshipCollection - Parsing relationship: /xl/worksheets/_rels/sheet1.xml.rels
[DEBUG] 2025-01-29 17:35:34.345 [main] PackageRelationshipCollection - Parsing relationship: /_rels/.rels
[DEBUG] 2025-01-29 17:35:34.395 [main] PackageRelationshipCollection - Parsing relationship: /xl/_rels/workbook.xml.rels
[DEBUG] 2025-01-29 17:35:34.396 [main] PackageRelationshipCollection - Parsing relationship: /xl/worksheets/_rels/sheet1.xml.rels
[DEBUG] 2025-01-29 17:35:34.401 [main] PackageRelationshipCollection - Parsing relationship: /_rels/.rels
[DEBUG] 2025-01-29 17:35:34.444 [main] PackageRelationshipCollection - Parsing relationship: /xl/_rels/workbook.xml.rels
[DEBUG] 2025-01-29 17:35:34.445 [main] PackageRelationshipCollection - Parsing relationship: /xl/worksheets/_rels/sheet1.xml.rels
[DEBUG] 2025-01-29 17:35:34.447 [main] PackageRelationshipCollection - Parsing relationship: /_rels/.rels
[DEBUG] 2025-01-29 17:35:34.488 [main] PackageRelationshipCollection - Parsing relationship: /xl/_rels/workbook.xml.rels
[DEBUG] 2025-01-29 17:35:34.489 [main] PackageRelationshipCollection - Parsing relationship: /xl/worksheets/_rels/sheet1.xml.rels
[DEBUG] 2025-01-29 17:35:34.491 [main] PackageRelationshipCollection - Parsing relationship: /_rels/.rels
[DEBUG] 2025-01-29 17:35:34.528 [main] PackageRelationshipCollection - Parsing relationship: /xl/_rels/workbook.xml.rels
[DEBUG] 2025-01-29 17:35:34.529 [main] PackageRelationshipCollection - Parsing relationship: /xl/worksheets/_rels/sheet1.xml.rels
[DEBUG] 2025-01-29 17:35:34.531 [main] PackageRelationshipCollection - Parsing relationship: /_rels/.rels
[DEBUG] 2025-01-29 17:35:34.561 [main] PackageRelationshipCollection - Parsing relationship: /xl/_rels/workbook.xml.rels
[DEBUG] 2025-01-29 17:35:34.562 [main] PackageRelationshipCollection - Parsing relationship: /xl/worksheets/_rels/sheet1.xml.rels
[DEBUG] 2025-01-29 17:35:34.563 [main] PackageRelationshipCollection - Parsing relationship: /_rels/.rels
[DEBUG] 2025-01-29 17:35:34.609 [main] PackageRelationshipCollection - Parsing relationship: /xl/_rels/workbook.xml.rels
[DEBUG] 2025-01-29 17:35:34.611 [main] PackageRelationshipCollection - Parsing relationship: /xl/worksheets/_rels/sheet1.xml.rels
[DEBUG] 2025-01-29 17:35:34.612 [main] PackageRelationshipCollection - Parsing relationship: /_rels/.rels
[DEBUG] 2025-01-29 17:35:34.647 [main] PackageRelationshipCollection - Parsing relationship: /xl/_rels/workbook.xml.rels
[DEBUG] 2025-01-29 17:35:34.649 [main] PackageRelationshipCollection - Parsing relationship: /xl/worksheets/_rels/sheet1.xml.rels
[DEBUG] 2025-01-29 17:35:34.650 [main] PackageRelationshipCollection - Parsing relationship: /_rels/.rels
[DEBUG] 2025-01-29 17:35:34.675 [main] PackageRelationshipCollection - Parsing relationship: /xl/_rels/workbook.xml.rels
[DEBUG] 2025-01-29 17:35:34.676 [main] PackageRelationshipCollection - Parsing relationship: /xl/worksheets/_rels/sheet1.xml.rels
[DEBUG] 2025-01-29 17:35:34.677 [main] PackageRelationshipCollection - Parsing relationship: /_rels/.rels
[DEBUG] 2025-01-29 17:35:34.737 [main] PackageRelationshipCollection - Parsing relationship: /xl/_rels/workbook.xml.rels
[DEBUG] 2025-01-29 17:35:34.738 [main] PackageRelationshipCollection - Parsing relationship: /xl/worksheets/_rels/sheet1.xml.rels
[DEBUG] 2025-01-29 17:35:34.739 [main] PackageRelationshipCollection - Parsing relationship: /_rels/.rels
[DEBUG] 2025-01-29 17:35:34.765 [main] PackageRelationshipCollection - Parsing relationship: /xl/_rels/workbook.xml.rels
[DEBUG] 2025-01-29 17:35:34.766 [main] PackageRelationshipCollection - Parsing relationship: /xl/worksheets/_rels/sheet1.xml.rels
[DEBUG] 2025-01-29 17:35:34.767 [main] PackageRelationshipCollection - Parsing relationship: /_rels/.rels
[DEBUG] 2025-01-29 17:35:34.792 [main] PackageRelationshipCollection - Parsing relationship: /xl/_rels/workbook.xml.rels
[DEBUG] 2025-01-29 17:35:34.793 [main] PackageRelationshipCollection - Parsing relationship: /xl/worksheets/_rels/sheet1.xml.rels
[DEBUG] 2025-01-29 17:35:34.794 [main] PackageRelationshipCollection - Parsing relationship: /_rels/.rels
[DEBUG] 2025-01-29 17:35:34.837 [main] PackageRelationshipCollection - Parsing relationship: /xl/_rels/workbook.xml.rels
[DEBUG] 2025-01-29 17:35:34.838 [main] PackageRelationshipCollection - Parsing relationship: /xl/worksheets/_rels/sheet1.xml.rels
[DEBUG] 2025-01-29 17:35:34.839 [main] PackageRelationshipCollection - Parsing relationship: /_rels/.rels
[DEBUG] 2025-01-29 17:35:34.862 [main] PackageRelationshipCollection - Parsing relationship: /xl/_rels/workbook.xml.rels
[DEBUG] 2025-01-29 17:35:34.866 [main] PackageRelationshipCollection - Parsing relationship: /xl/worksheets/_rels/sheet1.xml.rels
[DEBUG] 2025-01-29 17:35:34.867 [main] PackageRelationshipCollection - Parsing relationship: /_rels/.rels
[DEBUG] 2025-01-29 17:35:34.890 [main] PackageRelationshipCollection - Parsing relationship: /xl/_rels/workbook.xml.rels
[DEBUG] 2025-01-29 17:35:34.891 [main] PackageRelationshipCollection - Parsing relationship: /xl/worksheets/_rels/sheet1.xml.rels
[DEBUG] 2025-01-29 17:35:34.892 [main] PackageRelationshipCollection - Parsing relationship: /_rels/.rels
[DEBUG] 2025-01-29 17:35:34.936 [main] PackageRelationshipCollection - Parsing relationship: /xl/_rels/workbook.xml.rels
[DEBUG] 2025-01-29 17:35:34.937 [main] PackageRelationshipCollection - Parsing relationship: /xl/worksheets/_rels/sheet1.xml.rels
[DEBUG] 2025-01-29 17:35:34.938 [main] PackageRelationshipCollection - Parsing relationship: /_rels/.rels
[DEBUG] 2025-01-29 17:35:34.962 [main] PackageRelationshipCollection - Parsing relationship: /xl/_rels/workbook.xml.rels
[DEBUG] 2025-01-29 17:35:34.965 [main] PackageRelationshipCollection - Parsing relationship: /xl/worksheets/_rels/sheet1.xml.rels
[DEBUG] 2025-01-29 17:35:34.967 [main] PackageRelationshipCollection - Parsing relationship: /_rels/.rels
[DEBUG] 2025-01-29 17:35:34.989 [main] PackageRelationshipCollection - Parsing relationship: /xl/_rels/workbook.xml.rels
[DEBUG] 2025-01-29 17:35:34.991 [main] PackageRelationshipCollection - Parsing relationship: /xl/worksheets/_rels/sheet1.xml.rels
[DEBUG] 2025-01-29 17:35:34.991 [main] PackageRelationshipCollection - Parsing relationship: /_rels/.rels
[DEBUG] 2025-01-29 17:35:35.012 [main] PackageRelationshipCollection - Parsing relationship: /xl/_rels/workbook.xml.rels
[DEBUG] 2025-01-29 17:35:35.013 [main] PackageRelationshipCollection - Parsing relationship: /xl/worksheets/_rels/sheet1.xml.rels
[DEBUG] 2025-01-29 17:35:35.015 [main] PackageRelationshipCollection - Parsing relationship: /_rels/.rels
[DEBUG] 2025-01-29 17:35:35.051 [main] PackageRelationshipCollection - Parsing relationship: /xl/_rels/workbook.xml.rels
[DEBUG] 2025-01-29 17:35:35.052 [main] PackageRelationshipCollection - Parsing relationship: /xl/worksheets/_rels/sheet1.xml.rels
[DEBUG] 2025-01-29 17:35:35.054 [main] PackageRelationshipCollection - Parsing relationship: /_rels/.rels
[DEBUG] 2025-01-29 17:35:35.080 [main] PackageRelationshipCollection - Parsing relationship: /xl/_rels/workbook.xml.rels
[DEBUG] 2025-01-29 17:35:35.080 [main] PackageRelationshipCollection - Parsing relationship: /xl/worksheets/_rels/sheet1.xml.rels
[DEBUG] 2025-01-29 17:35:35.081 [main] PackageRelationshipCollection - Parsing relationship: /_rels/.rels
[DEBUG] 2025-01-29 17:35:35.096 [main] PackageRelationshipCollection - Parsing relationship: /xl/_rels/workbook.xml.rels
[DEBUG] 2025-01-29 17:35:35.096 [main] PackageRelationshipCollection - Parsing relationship: /xl/worksheets/_rels/sheet1.xml.rels
[DEBUG] 2025-01-29 17:35:35.097 [main] PackageRelationshipCollection - Parsing relationship: /_rels/.rels
[DEBUG] 2025-01-29 17:35:35.114 [main] PackageRelationshipCollection - Parsing relationship: /xl/_rels/workbook.xml.rels
[DEBUG] 2025-01-29 17:35:35.115 [main] PackageRelationshipCollection - Parsing relationship: /xl/worksheets/_rels/sheet1.xml.rels
[DEBUG] 2025-01-29 17:35:35.116 [main] PackageRelationshipCollection - Parsing relationship: /_rels/.rels
[DEBUG] 2025-01-29 17:35:35.149 [main] PackageRelationshipCollection - Parsing relationship: /xl/_rels/workbook.xml.rels
[DEBUG] 2025-01-29 17:35:35.150 [main] PackageRelationshipCollection - Parsing relationship: /xl/worksheets/_rels/sheet1.xml.rels
[DEBUG] 2025-01-29 17:35:35.151 [main] PackageRelationshipCollection - Parsing relationship: /_rels/.rels
Name of test method started:testCreateUser
HTTP/1.1 200 OK
Date: Wed, 29 Jan 2025 12:05:36 GMT
Content-Type: application/json
Transfer-Encoding: chunked
Connection: keep-alive
Access-Control-Allow-Origin: *
Access-Control-Allow-Methods: GET, POST, DELETE, PUT
Access-Control-Allow-Headers: Content-Type, api_key, Authorization
Server: Jetty(9.2.9.v20150224)

{
    "code": 200,
    "type": "unknown",
    "message": "2020"
}
Name of test method sucessfully executed:testCreateUser
]]></system-out>
  </testcase>
  <testcase name="testCreateUser[2021, user2, Radha, Jain, b@gmail.com, test@2, 1234567897](2)" classname="api.testcases.UserTestDD" time="1.342">
    <system-out><![CDATA[Name of test method started:testCreateUser
HTTP/1.1 200 OK
Date: Wed, 29 Jan 2025 12:05:37 GMT
Content-Type: application/json
Transfer-Encoding: chunked
Connection: keep-alive
Access-Control-Allow-Origin: *
Access-Control-Allow-Methods: GET, POST, DELETE, PUT
Access-Control-Allow-Headers: Content-Type, api_key, Authorization
Server: Jetty(9.2.9.v20150224)

{
    "code": 200,
    "type": "unknown",
    "message": "2021"
}
Name of test method sucessfully executed:testCreateUser
]]></system-out>
  </testcase>
  <testcase name="testCreateUser[2022, user3, Smita, Pathak, c@gmail.com, test@3, 1234567897](3)" classname="api.testcases.UserTestDD" time="1.251">
    <system-out><![CDATA[Name of test method started:testCreateUser
HTTP/1.1 200 OK
Date: Wed, 29 Jan 2025 12:05:38 GMT
Content-Type: application/json
Transfer-Encoding: chunked
Connection: keep-alive
Access-Control-Allow-Origin: *
Access-Control-Allow-Methods: GET, POST, DELETE, PUT
Access-Control-Allow-Headers: Content-Type, api_key, Authorization
Server: Jetty(9.2.9.v20150224)

{
    "code": 200,
    "type": "unknown",
    "message": "2022"
}
Name of test method sucessfully executed:testCreateUser
]]></system-out>
  </testcase>
  <testcase name="testCreateUser[2024, user4, Renu, Shah, renu@gmail.com, test@4, 1234567897](4)" classname="api.testcases.UserTestDD" time="1.293">
    <system-out><![CDATA[Name of test method started:testCreateUser
HTTP/1.1 200 OK
Date: Wed, 29 Jan 2025 12:05:40 GMT
Content-Type: application/json
Transfer-Encoding: chunked
Connection: keep-alive
Access-Control-Allow-Origin: *
Access-Control-Allow-Methods: GET, POST, DELETE, PUT
Access-Control-Allow-Headers: Content-Type, api_key, Authorization
Server: Jetty(9.2.9.v20150224)

{
    "code": 200,
    "type": "unknown",
    "message": "2024"
}
Name of test method sucessfully executed:testCreateUser
]]></system-out>
  </testcase>
  <testcase name="testGetUserData[user1](1)" classname="api.testcases.UserTestDD" time="1.285">
    <system-out><![CDATA[[DEBUG] 2025-01-29 17:35:40.464 [main] PackageRelationshipCollection - Parsing relationship: /xl/_rels/workbook.xml.rels
[DEBUG] 2025-01-29 17:35:40.465 [main] PackageRelationshipCollection - Parsing relationship: /xl/worksheets/_rels/sheet1.xml.rels
[DEBUG] 2025-01-29 17:35:40.467 [main] PackageRelationshipCollection - Parsing relationship: /_rels/.rels
[DEBUG] 2025-01-29 17:35:40.488 [main] PackageRelationshipCollection - Parsing relationship: /xl/_rels/workbook.xml.rels
[DEBUG] 2025-01-29 17:35:40.490 [main] PackageRelationshipCollection - Parsing relationship: /xl/worksheets/_rels/sheet1.xml.rels
[DEBUG] 2025-01-29 17:35:40.491 [main] PackageRelationshipCollection - Parsing relationship: /_rels/.rels
[DEBUG] 2025-01-29 17:35:40.518 [main] PackageRelationshipCollection - Parsing relationship: /xl/_rels/workbook.xml.rels
[DEBUG] 2025-01-29 17:35:40.519 [main] PackageRelationshipCollection - Parsing relationship: /xl/worksheets/_rels/sheet1.xml.rels
[DEBUG] 2025-01-29 17:35:40.520 [main] PackageRelationshipCollection - Parsing relationship: /_rels/.rels
[DEBUG] 2025-01-29 17:35:40.539 [main] PackageRelationshipCollection - Parsing relationship: /xl/_rels/workbook.xml.rels
[DEBUG] 2025-01-29 17:35:40.540 [main] PackageRelationshipCollection - Parsing relationship: /xl/worksheets/_rels/sheet1.xml.rels
[DEBUG] 2025-01-29 17:35:40.541 [main] PackageRelationshipCollection - Parsing relationship: /_rels/.rels
[DEBUG] 2025-01-29 17:35:40.560 [main] PackageRelationshipCollection - Parsing relationship: /xl/_rels/workbook.xml.rels
[DEBUG] 2025-01-29 17:35:40.561 [main] PackageRelationshipCollection - Parsing relationship: /xl/worksheets/_rels/sheet1.xml.rels
[DEBUG] 2025-01-29 17:35:40.562 [main] PackageRelationshipCollection - Parsing relationship: /_rels/.rels
Name of test method started:testGetUserData
HTTP/1.1 200 OK
Date: Wed, 29 Jan 2025 12:05:41 GMT
Content-Type: application/json
Transfer-Encoding: chunked
Connection: keep-alive
Access-Control-Allow-Origin: *
Access-Control-Allow-Methods: GET, POST, DELETE, PUT
Access-Control-Allow-Headers: Content-Type, api_key, Authorization
Server: Jetty(9.2.9.v20150224)

{
    "id": 2020,
    "username": "user1",
    "firstName": "Rita",
    "lastName": "Gupta",
    "email": "Gupta",
    "password": "a@gmail.com",
    "phone": "1234567897",
    "userStatus": 0
}
Name of test method sucessfully executed:testGetUserData
]]></system-out>
  </testcase>
  <testcase name="testGetUserData[user2](2)" classname="api.testcases.UserTestDD" time="1.309">
    <system-out><![CDATA[Name of test method started:testGetUserData
HTTP/1.1 200 OK
Date: Wed, 29 Jan 2025 12:05:42 GMT
Content-Type: application/json
Transfer-Encoding: chunked
Connection: keep-alive
Access-Control-Allow-Origin: *
Access-Control-Allow-Methods: GET, POST, DELETE, PUT
Access-Control-Allow-Headers: Content-Type, api_key, Authorization
Server: Jetty(9.2.9.v20150224)

{
    "id": 2021,
    "username": "user2",
    "firstName": "Radha",
    "lastName": "Jain",
    "email": "Jain",
    "password": "b@gmail.com",
    "phone": "1234567897",
    "userStatus": 0
}
Name of test method sucessfully executed:testGetUserData
]]></system-out>
  </testcase>
  <testcase name="testGetUserData[user3](3)" classname="api.testcases.UserTestDD" time="1.299">
    <system-out><![CDATA[Name of test method started:testGetUserData
HTTP/1.1 200 OK
Date: Wed, 29 Jan 2025 12:05:44 GMT
Content-Type: application/json
Transfer-Encoding: chunked
Connection: keep-alive
Access-Control-Allow-Origin: *
Access-Control-Allow-Methods: GET, POST, DELETE, PUT
Access-Control-Allow-Headers: Content-Type, api_key, Authorization
Server: Jetty(9.2.9.v20150224)

{
    "id": 2022,
    "username": "user3",
    "firstName": "Smita",
    "lastName": "Pathak",
    "email": "Pathak",
    "password": "c@gmail.com",
    "phone": "1234567897",
    "userStatus": 0
}
Name of test method sucessfully executed:testGetUserData
]]></system-out>
  </testcase>
  <testcase name="testGetUserData[user4](4)" classname="api.testcases.UserTestDD" time="1.323">
    <system-out><![CDATA[Name of test method started:testGetUserData
HTTP/1.1 200 OK
Date: Wed, 29 Jan 2025 12:05:45 GMT
Content-Type: application/json
Transfer-Encoding: chunked
Connection: keep-alive
Access-Control-Allow-Origin: *
Access-Control-Allow-Methods: GET, POST, DELETE, PUT
Access-Control-Allow-Headers: Content-Type, api_key, Authorization
Server: Jetty(9.2.9.v20150224)

{
    "id": 2024,
    "username": "user4",
    "firstName": "Renu",
    "lastName": "Shah",
    "email": "Shah",
    "password": "renu@gmail.com",
    "phone": "1234567897",
    "userStatus": 0
}
Name of test method sucessfully executed:testGetUserData
]]></system-out>
  </testcase>
  <testcase name="testDeleteUser[user1](1)" classname="api.testcases.UserTestDD" time="1.242">
    <system-out><![CDATA[[DEBUG] 2025-01-29 17:35:45.809 [main] PackageRelationshipCollection - Parsing relationship: /xl/_rels/workbook.xml.rels
[DEBUG] 2025-01-29 17:35:45.810 [main] PackageRelationshipCollection - Parsing relationship: /xl/worksheets/_rels/sheet1.xml.rels
[DEBUG] 2025-01-29 17:35:45.811 [main] PackageRelationshipCollection - Parsing relationship: /_rels/.rels
[DEBUG] 2025-01-29 17:35:45.833 [main] PackageRelationshipCollection - Parsing relationship: /xl/_rels/workbook.xml.rels
[DEBUG] 2025-01-29 17:35:45.834 [main] PackageRelationshipCollection - Parsing relationship: /xl/worksheets/_rels/sheet1.xml.rels
[DEBUG] 2025-01-29 17:35:45.835 [main] PackageRelationshipCollection - Parsing relationship: /_rels/.rels
[DEBUG] 2025-01-29 17:35:45.860 [main] PackageRelationshipCollection - Parsing relationship: /xl/_rels/workbook.xml.rels
[DEBUG] 2025-01-29 17:35:45.861 [main] PackageRelationshipCollection - Parsing relationship: /xl/worksheets/_rels/sheet1.xml.rels
[DEBUG] 2025-01-29 17:35:45.862 [main] PackageRelationshipCollection - Parsing relationship: /_rels/.rels
[DEBUG] 2025-01-29 17:35:45.878 [main] PackageRelationshipCollection - Parsing relationship: /xl/_rels/workbook.xml.rels
[DEBUG] 2025-01-29 17:35:45.879 [main] PackageRelationshipCollection - Parsing relationship: /xl/worksheets/_rels/sheet1.xml.rels
[DEBUG] 2025-01-29 17:35:45.880 [main] PackageRelationshipCollection - Parsing relationship: /_rels/.rels
[DEBUG] 2025-01-29 17:35:45.895 [main] PackageRelationshipCollection - Parsing relationship: /xl/_rels/workbook.xml.rels
[DEBUG] 2025-01-29 17:35:45.895 [main] PackageRelationshipCollection - Parsing relationship: /xl/worksheets/_rels/sheet1.xml.rels
[DEBUG] 2025-01-29 17:35:45.896 [main] PackageRelationshipCollection - Parsing relationship: /_rels/.rels
Name of test method started:testDeleteUser
Delete User Data.
HTTP/1.1 200 OK
Date: Wed, 29 Jan 2025 12:05:46 GMT
Content-Type: application/json
Transfer-Encoding: chunked
Connection: keep-alive
Access-Control-Allow-Origin: *
Access-Control-Allow-Methods: GET, POST, DELETE, PUT
Access-Control-Allow-Headers: Content-Type, api_key, Authorization
Server: Jetty(9.2.9.v20150224)

{
    "code": 200,
    "type": "unknown",
    "message": "user1"
}
Name of test method sucessfully executed:testDeleteUser
]]></system-out>
  </testcase>
  <testcase name="testDeleteUser[user2](2)" classname="api.testcases.UserTestDD" time="1.29">
    <system-out><![CDATA[Name of test method started:testDeleteUser
Delete User Data.
HTTP/1.1 200 OK
Date: Wed, 29 Jan 2025 12:05:48 GMT
Content-Type: application/json
Transfer-Encoding: chunked
Connection: keep-alive
Access-Control-Allow-Origin: *
Access-Control-Allow-Methods: GET, POST, DELETE, PUT
Access-Control-Allow-Headers: Content-Type, api_key, Authorization
Server: Jetty(9.2.9.v20150224)

{
    "code": 200,
    "type": "unknown",
    "message": "user2"
}
Name of test method sucessfully executed:testDeleteUser
]]></system-out>
  </testcase>
  <testcase name="testDeleteUser[user3](3)" classname="api.testcases.UserTestDD" time="1.273">
    <system-out><![CDATA[Name of test method started:testDeleteUser
Delete User Data.
HTTP/1.1 200 OK
Date: Wed, 29 Jan 2025 12:05:49 GMT
Content-Type: application/json
Transfer-Encoding: chunked
Connection: keep-alive
Access-Control-Allow-Origin: *
Access-Control-Allow-Methods: GET, POST, DELETE, PUT
Access-Control-Allow-Headers: Content-Type, api_key, Authorization
Server: Jetty(9.2.9.v20150224)

{
    "code": 200,
    "type": "unknown",
    "message": "user3"
}
Name of test method sucessfully executed:testDeleteUser
]]></system-out>
  </testcase>
  <testcase name="testDeleteUser[user4](4)" classname="api.testcases.UserTestDD" time="1.298">
    <system-out><![CDATA[Name of test method started:testDeleteUser
Delete User Data.
HTTP/1.1 200 OK
Date: Wed, 29 Jan 2025 12:05:50 GMT
Content-Type: application/json
Transfer-Encoding: chunked
Connection: keep-alive
Access-Control-Allow-Origin: *
Access-Control-Allow-Methods: GET, POST, DELETE, PUT
Access-Control-Allow-Headers: Content-Type, api_key, Authorization
Server: Jetty(9.2.9.v20150224)

{
    "code": 200,
    "type": "unknown",
    "message": "user4"
}
Name of test method sucessfully executed:testDeleteUser
]]></system-out>
  </testcase>
</testsuite>