<?xml version="1.0" encoding="UTF-8"?>
<!-- Generated by org.testng.reporters.JUnitReportReporter -->
<testsuite hostname="DESKTOP-NJ97IE9" failures="0" tests="4" name="api.testcases.UserTest" time="7.244" errors="0" timestamp="2023-08-19T12:48:32 IST" skipped="0">
  <testcase classname="api.testcases.UserTest" name="testCreateUser" time="2.611"/>
  <system-out/>
  <testcase classname="api.testcases.UserTest" name="testGetUserData" time="1.149"/>
  <system-out/>
  <testcase classname="api.testcases.UserTest" name="testUpdateUser" time="2.321"/>
  <system-out/>
  <testcase classname="api.testcases.UserTest" name="testDeleteUser" time="1.163"/>
  <system-out/>
</testsuite> <!-- api.testcases.UserTest -->
