<?xml version="1.0" encoding="UTF-8"?>
<!-- Generated by org.testng.reporters.JUnitReportReporter -->
<testsuite hostname="DESKTOP-NJ97IE9" failures="0" tests="4" name="api.testcases.UserTest" time="6.966" errors="0" timestamp="2023-08-22T15:02:43 IST" skipped="0">
  <testcase classname="api.testcases.UserTest" name="testCreateUser" time="2.324"/>
  <system-out/>
  <testcase classname="api.testcases.UserTest" name="testGetUserData" time="1.151"/>
  <system-out/>
  <testcase classname="api.testcases.UserTest" name="testUpdateUser" time="2.326"/>
  <system-out/>
  <testcase classname="api.testcases.UserTest" name="testDeleteUser" time="1.165"/>
  <system-out/>
</testsuite> <!-- api.testcases.UserTest -->
