<?xml version="1.0" encoding="UTF-8"?>
<!-- Generated by org.testng.reporters.JUnitReportReporter -->
<testsuite hostname="DESKTOP-OMLAF7D" failures="0" tests="4" name="api.testcases.UserTest" time="11.259" errors="0" timestamp="2025-01-29T00:07:49 IST" skipped="0">
  <testcase classname="api.testcases.UserTest" name="testCreateUser" time="5.852"/>
  <system-out/>
  <testcase classname="api.testcases.UserTest" name="testGetUserData" time="1.383"/>
  <system-out/>
  <testcase classname="api.testcases.UserTest" name="testUpdateUser" time="2.731"/>
  <system-out/>
  <testcase classname="api.testcases.UserTest" name="testDeleteUser" time="1.293"/>
  <system-out/>
</testsuite> <!-- api.testcases.UserTest -->
