<?xml version="1.0" encoding="UTF-8"?>
<!-- Generated by org.testng.reporters.JUnitReportReporter -->
<testsuite hostname="DESKTOP-OMLAF7D" failures="0" tests="4" name="api.testcases.UserTest" time="8.366" errors="0" timestamp="2025-01-30T17:33:11 IST" skipped="0">
  <testcase classname="api.testcases.UserTest" name="testCreateUser" time="3.879"/>
  <system-out/>
  <testcase classname="api.testcases.UserTest" name="testGetUserData" time="1.194"/>
  <system-out/>
  <testcase classname="api.testcases.UserTest" name="testUpdateUser" time="2.132"/>
  <system-out/>
  <testcase classname="api.testcases.UserTest" name="testDeleteUser" time="1.161"/>
  <system-out/>
</testsuite> <!-- api.testcases.UserTest -->
