<?xml version="1.0" encoding="UTF-8"?>
<!-- Generated by org.testng.reporters.JUnitReportReporter -->
<testsuite hostname="DESKTOP-OMLAF7D" failures="0" tests="4" name="api.testcases.UserTest" time="9.749" errors="0" timestamp="2025-01-29T17:35:51 IST" skipped="0">
  <testcase classname="api.testcases.UserTest" name="testCreateUser" time="4.347"/>
  <system-out/>
  <testcase classname="api.testcases.UserTest" name="testGetUserData" time="1.385"/>
  <system-out/>
  <testcase classname="api.testcases.UserTest" name="testUpdateUser" time="2.659"/>
  <system-out/>
  <testcase classname="api.testcases.UserTest" name="testDeleteUser" time="1.358"/>
  <system-out/>
</testsuite> <!-- api.testcases.UserTest -->
